C:\Users\harshilkansagara\source\repos\SportsApplication\Material_Angular_UnitOfWork_Identity_SportsApplication\SportsApplication\sportsAngular\dist\out-tsc\e2e\src\app.po.js
C:\Users\harshilkansagara\source\repos\SportsApplication\Material_Angular_UnitOfWork_Identity_SportsApplication\SportsApplication\sportsAngular\dist\out-tsc\e2e\src\app.po.js.map
C:\Users\harshilkansagara\source\repos\SportsApplication\Material_Angular_UnitOfWork_Identity_SportsApplication\SportsApplication\sportsAngular\dist\out-tsc\e2e\src\app.e2e-spec.js
C:\Users\harshilkansagara\source\repos\SportsApplication\Material_Angular_UnitOfWork_Identity_SportsApplication\SportsApplication\sportsAngular\dist\out-tsc\e2e\src\app.e2e-spec.js.map
C:\Users\harshilkansagara\source\repos\SportsApplication\Material_Angular_UnitOfWork_Identity_SportsApplication\SportsApplication\sportsAngular\dist\out-tsc\src\app\app.component.js
C:\Users\harshilkansagara\source\repos\SportsApplication\Material_Angular_UnitOfWork_Identity_SportsApplication\SportsApplication\sportsAngular\dist\out-tsc\src\app\app.component.js.map
C:\Users\harshilkansagara\source\repos\SportsApplication\Material_Angular_UnitOfWork_Identity_SportsApplication\SportsApplication\sportsAngular\dist\out-tsc\src\app\service\debug.service.js
C:\Users\harshilkansagara\source\repos\SportsApplication\Material_Angular_UnitOfWork_Identity_SportsApplication\SportsApplication\sportsAngular\dist\out-tsc\src\app\service\debug.service.js.map
C:\Users\harshilkansagara\source\repos\SportsApplication\Material_Angular_UnitOfWork_Identity_SportsApplication\SportsApplication\sportsAngular\dist\out-tsc\src\app\account\login\login.component.js
C:\Users\harshilkansagara\source\repos\SportsApplication\Material_Angular_UnitOfWork_Identity_SportsApplication\SportsApplication\sportsAngular\dist\out-tsc\src\app\account\login\login.component.js.map
C:\Users\harshilkansagara\source\repos\SportsApplication\Material_Angular_UnitOfWork_Identity_SportsApplication\SportsApplication\sportsAngular\dist\out-tsc\src\app\account\register\register.component.js
C:\Users\harshilkansagara\source\repos\SportsApplication\Material_Angular_UnitOfWork_Identity_SportsApplication\SportsApplication\sportsAngular\dist\out-tsc\src\app\account\register\register.component.js.map
C:\Users\harshilkansagara\source\repos\SportsApplication\Material_Angular_UnitOfWork_Identity_SportsApplication\SportsApplication\sportsAngular\dist\out-tsc\src\app\shared\confirm-equal-validator.directive.js
C:\Users\harshilkansagara\source\repos\SportsApplication\Material_Angular_UnitOfWork_Identity_SportsApplication\SportsApplication\sportsAngular\dist\out-tsc\src\app\shared\confirm-equal-validator.directive.js.map
C:\Users\harshilkansagara\source\repos\SportsApplication\Material_Angular_UnitOfWork_Identity_SportsApplication\SportsApplication\sportsAngular\dist\out-tsc\src\app\page-not-found.component.js
C:\Users\harshilkansagara\source\repos\SportsApplication\Material_Angular_UnitOfWork_Identity_SportsApplication\SportsApplication\sportsAngular\dist\out-tsc\src\app\page-not-found.component.js.map
C:\Users\harshilkansagara\source\repos\SportsApplication\Material_Angular_UnitOfWork_Identity_SportsApplication\SportsApplication\sportsAngular\dist\out-tsc\src\app\Auth\auth.guard.js
C:\Users\harshilkansagara\source\repos\SportsApplication\Material_Angular_UnitOfWork_Identity_SportsApplication\SportsApplication\sportsAngular\dist\out-tsc\src\app\Auth\auth.guard.js.map
C:\Users\harshilkansagara\source\repos\SportsApplication\Material_Angular_UnitOfWork_Identity_SportsApplication\SportsApplication\sportsAngular\dist\out-tsc\src\app\Athlete\index-athlete.component.js
C:\Users\harshilkansagara\source\repos\SportsApplication\Material_Angular_UnitOfWork_Identity_SportsApplication\SportsApplication\sportsAngular\dist\out-tsc\src\app\Athlete\index-athlete.component.js.map
C:\Users\harshilkansagara\source\repos\SportsApplication\Material_Angular_UnitOfWork_Identity_SportsApplication\SportsApplication\sportsAngular\dist\out-tsc\src\app\app-routing-module.js
C:\Users\harshilkansagara\source\repos\SportsApplication\Material_Angular_UnitOfWork_Identity_SportsApplication\SportsApplication\sportsAngular\dist\out-tsc\src\app\app-routing-module.js.map
C:\Users\harshilkansagara\source\repos\SportsApplication\Material_Angular_UnitOfWork_Identity_SportsApplication\SportsApplication\sportsAngular\dist\out-tsc\src\app\Auth\auth.interceptor.js
C:\Users\harshilkansagara\source\repos\SportsApplication\Material_Angular_UnitOfWork_Identity_SportsApplication\SportsApplication\sportsAngular\dist\out-tsc\src\app\Auth\auth.interceptor.js.map
C:\Users\harshilkansagara\source\repos\SportsApplication\Material_Angular_UnitOfWork_Identity_SportsApplication\SportsApplication\sportsAngular\dist\out-tsc\src\app\app.module.js
C:\Users\harshilkansagara\source\repos\SportsApplication\Material_Angular_UnitOfWork_Identity_SportsApplication\SportsApplication\sportsAngular\dist\out-tsc\src\app\app.module.js.map
C:\Users\harshilkansagara\source\repos\SportsApplication\Material_Angular_UnitOfWork_Identity_SportsApplication\SportsApplication\sportsAngular\dist\out-tsc\src\environments\environment.js
C:\Users\harshilkansagara\source\repos\SportsApplication\Material_Angular_UnitOfWork_Identity_SportsApplication\SportsApplication\sportsAngular\dist\out-tsc\src\environments\environment.js.map
C:\Users\harshilkansagara\source\repos\SportsApplication\Material_Angular_UnitOfWork_Identity_SportsApplication\SportsApplication\sportsAngular\dist\out-tsc\src\main.js
C:\Users\harshilkansagara\source\repos\SportsApplication\Material_Angular_UnitOfWork_Identity_SportsApplication\SportsApplication\sportsAngular\dist\out-tsc\src\main.js.map
C:\Users\harshilkansagara\source\repos\SportsApplication\Material_Angular_UnitOfWork_Identity_SportsApplication\SportsApplication\sportsAngular\dist\out-tsc\src\polyfills.js
C:\Users\harshilkansagara\source\repos\SportsApplication\Material_Angular_UnitOfWork_Identity_SportsApplication\SportsApplication\sportsAngular\dist\out-tsc\src\polyfills.js.map
C:\Users\harshilkansagara\source\repos\SportsApplication\Material_Angular_UnitOfWork_Identity_SportsApplication\SportsApplication\sportsAngular\dist\out-tsc\src\test.js
C:\Users\harshilkansagara\source\repos\SportsApplication\Material_Angular_UnitOfWork_Identity_SportsApplication\SportsApplication\sportsAngular\dist\out-tsc\src\test.js.map
C:\Users\harshilkansagara\source\repos\SportsApplication\Material_Angular_UnitOfWork_Identity_SportsApplication\SportsApplication\sportsAngular\dist\out-tsc\src\app\app.component.spec.js
C:\Users\harshilkansagara\source\repos\SportsApplication\Material_Angular_UnitOfWork_Identity_SportsApplication\SportsApplication\sportsAngular\dist\out-tsc\src\app\app.component.spec.js.map
C:\Users\harshilkansagara\source\repos\SportsApplication\Material_Angular_UnitOfWork_Identity_SportsApplication\SportsApplication\sportsAngular\dist\out-tsc\src\app\AllAthletes\index\index-allAthletes.component.js
C:\Users\harshilkansagara\source\repos\SportsApplication\Material_Angular_UnitOfWork_Identity_SportsApplication\SportsApplication\sportsAngular\dist\out-tsc\src\app\AllAthletes\index\index-allAthletes.component.js.map
C:\Users\harshilkansagara\source\repos\SportsApplication\Material_Angular_UnitOfWork_Identity_SportsApplication\SportsApplication\sportsAngular\dist\out-tsc\src\app\AllAthletes\create\create-allAthletes.component.js
C:\Users\harshilkansagara\source\repos\SportsApplication\Material_Angular_UnitOfWork_Identity_SportsApplication\SportsApplication\sportsAngular\dist\out-tsc\src\app\AllAthletes\create\create-allAthletes.component.js.map
C:\Users\harshilkansagara\source\repos\SportsApplication\Material_Angular_UnitOfWork_Identity_SportsApplication\SportsApplication\sportsAngular\dist\out-tsc\src\app\AllAthletes\delete\delete-allAthletes.component.js
C:\Users\harshilkansagara\source\repos\SportsApplication\Material_Angular_UnitOfWork_Identity_SportsApplication\SportsApplication\sportsAngular\dist\out-tsc\src\app\AllAthletes\delete\delete-allAthletes.component.js.map
C:\Users\harshilkansagara\source\repos\SportsApplication\Material_Angular_UnitOfWork_Identity_SportsApplication\SportsApplication\sportsAngular\dist\out-tsc\src\app\AllAthletes\allAthletes.module.js
C:\Users\harshilkansagara\source\repos\SportsApplication\Material_Angular_UnitOfWork_Identity_SportsApplication\SportsApplication\sportsAngular\dist\out-tsc\src\app\AllAthletes\allAthletes.module.js.map
C:\Users\harshilkansagara\source\repos\SportsApplication\Material_Angular_UnitOfWork_Identity_SportsApplication\SportsApplication\sportsAngular\dist\out-tsc\src\app\AthleteByTest\index\index-athleteByTest.component.js
C:\Users\harshilkansagara\source\repos\SportsApplication\Material_Angular_UnitOfWork_Identity_SportsApplication\SportsApplication\sportsAngular\dist\out-tsc\src\app\AthleteByTest\index\index-athleteByTest.component.js.map
C:\Users\harshilkansagara\source\repos\SportsApplication\Material_Angular_UnitOfWork_Identity_SportsApplication\SportsApplication\sportsAngular\dist\out-tsc\src\app\AthleteByTest\create\create-athleteByTest.component.js
C:\Users\harshilkansagara\source\repos\SportsApplication\Material_Angular_UnitOfWork_Identity_SportsApplication\SportsApplication\sportsAngular\dist\out-tsc\src\app\AthleteByTest\create\create-athleteByTest.component.js.map
C:\Users\harshilkansagara\source\repos\SportsApplication\Material_Angular_UnitOfWork_Identity_SportsApplication\SportsApplication\sportsAngular\dist\out-tsc\src\app\AthleteByTest\edit\edit-athleteByTest.component.js
C:\Users\harshilkansagara\source\repos\SportsApplication\Material_Angular_UnitOfWork_Identity_SportsApplication\SportsApplication\sportsAngular\dist\out-tsc\src\app\AthleteByTest\edit\edit-athleteByTest.component.js.map
C:\Users\harshilkansagara\source\repos\SportsApplication\Material_Angular_UnitOfWork_Identity_SportsApplication\SportsApplication\sportsAngular\dist\out-tsc\src\app\AthleteByTest\athleteByTest.module.js
C:\Users\harshilkansagara\source\repos\SportsApplication\Material_Angular_UnitOfWork_Identity_SportsApplication\SportsApplication\sportsAngular\dist\out-tsc\src\app\AthleteByTest\athleteByTest.module.js.map
C:\Users\harshilkansagara\source\repos\SportsApplication\Material_Angular_UnitOfWork_Identity_SportsApplication\SportsApplication\sportsAngular\dist\out-tsc\src\app\Coach\testLists\index\index-testList.component.js
C:\Users\harshilkansagara\source\repos\SportsApplication\Material_Angular_UnitOfWork_Identity_SportsApplication\SportsApplication\sportsAngular\dist\out-tsc\src\app\Coach\testLists\index\index-testList.component.js.map
C:\Users\harshilkansagara\source\repos\SportsApplication\Material_Angular_UnitOfWork_Identity_SportsApplication\SportsApplication\sportsAngular\dist\out-tsc\src\app\Coach\testLists\delete\delete-testList.component.js
C:\Users\harshilkansagara\source\repos\SportsApplication\Material_Angular_UnitOfWork_Identity_SportsApplication\SportsApplication\sportsAngular\dist\out-tsc\src\app\Coach\testLists\delete\delete-testList.component.js.map
C:\Users\harshilkansagara\source\repos\SportsApplication\Material_Angular_UnitOfWork_Identity_SportsApplication\SportsApplication\sportsAngular\dist\out-tsc\src\app\Coach\testLists\create\create-testList.component.js
C:\Users\harshilkansagara\source\repos\SportsApplication\Material_Angular_UnitOfWork_Identity_SportsApplication\SportsApplication\sportsAngular\dist\out-tsc\src\app\Coach\testLists\create\create-testList.component.js.map
C:\Users\harshilkansagara\source\repos\SportsApplication\Material_Angular_UnitOfWork_Identity_SportsApplication\SportsApplication\sportsAngular\dist\out-tsc\src\app\Coach\coach.module.js
C:\Users\harshilkansagara\source\repos\SportsApplication\Material_Angular_UnitOfWork_Identity_SportsApplication\SportsApplication\sportsAngular\dist\out-tsc\src\app\Coach\coach.module.js.map
C:\Users\harshilkansagara\source\repos\SportsApplication\Material_Angular_UnitOfWork_Identity_SportsApplication\SportsApplication\sportsAngular\dist\out-tsc\src\environments\environment.prod.js
C:\Users\harshilkansagara\source\repos\SportsApplication\Material_Angular_UnitOfWork_Identity_SportsApplication\SportsApplication\sportsAngular\dist\out-tsc\src\environments\environment.prod.js.map
