C:\Users\harshilkansagara\source\repos\SportsApplication\SportApplication\Final_SportApplication\SportAngular\dist\out-tsc\e2e\src\app.po.js
C:\Users\harshilkansagara\source\repos\SportsApplication\SportApplication\Final_SportApplication\SportAngular\dist\out-tsc\e2e\src\app.po.js.map
C:\Users\harshilkansagara\source\repos\SportsApplication\SportApplication\Final_SportApplication\SportAngular\dist\out-tsc\e2e\src\app.e2e-spec.js
C:\Users\harshilkansagara\source\repos\SportsApplication\SportApplication\Final_SportApplication\SportAngular\dist\out-tsc\e2e\src\app.e2e-spec.js.map
C:\Users\harshilkansagara\source\repos\SportsApplication\SportApplication\Final_SportApplication\SportAngular\dist\out-tsc\src\app\Account\Model\login.js
C:\Users\harshilkansagara\source\repos\SportsApplication\SportApplication\Final_SportApplication\SportAngular\dist\out-tsc\src\app\Account\Model\login.js.map
C:\Users\harshilkansagara\source\repos\SportsApplication\SportApplication\Final_SportApplication\SportAngular\dist\out-tsc\src\app\service\debug.service.js
C:\Users\harshilkansagara\source\repos\SportsApplication\SportApplication\Final_SportApplication\SportAngular\dist\out-tsc\src\app\service\debug.service.js.map
C:\Users\harshilkansagara\source\repos\SportsApplication\SportApplication\Final_SportApplication\SportAngular\dist\out-tsc\src\app\Account\Model\register.js
C:\Users\harshilkansagara\source\repos\SportsApplication\SportApplication\Final_SportApplication\SportAngular\dist\out-tsc\src\app\Account\Model\register.js.map
C:\Users\harshilkansagara\source\repos\SportsApplication\SportApplication\Final_SportApplication\SportAngular\dist\out-tsc\src\app\service\account.service.js
C:\Users\harshilkansagara\source\repos\SportsApplication\SportApplication\Final_SportApplication\SportAngular\dist\out-tsc\src\app\service\account.service.js.map
C:\Users\harshilkansagara\source\repos\SportsApplication\SportApplication\Final_SportApplication\SportAngular\dist\out-tsc\src\app\Account\Login\login.component.js
C:\Users\harshilkansagara\source\repos\SportsApplication\SportApplication\Final_SportApplication\SportAngular\dist\out-tsc\src\app\Account\Login\login.component.js.map
C:\Users\harshilkansagara\source\repos\SportsApplication\SportApplication\Final_SportApplication\SportAngular\dist\out-tsc\src\app\page-not-found.component.js
C:\Users\harshilkansagara\source\repos\SportsApplication\SportApplication\Final_SportApplication\SportAngular\dist\out-tsc\src\app\page-not-found.component.js.map
C:\Users\harshilkansagara\source\repos\SportsApplication\SportApplication\Final_SportApplication\SportAngular\dist\out-tsc\src\app\Account\Register\register.component.js
C:\Users\harshilkansagara\source\repos\SportsApplication\SportApplication\Final_SportApplication\SportAngular\dist\out-tsc\src\app\Account\Register\register.component.js.map
C:\Users\harshilkansagara\source\repos\SportsApplication\SportApplication\Final_SportApplication\SportAngular\dist\out-tsc\src\app\Auth\auth.guard.js
C:\Users\harshilkansagara\source\repos\SportsApplication\SportApplication\Final_SportApplication\SportAngular\dist\out-tsc\src\app\Auth\auth.guard.js.map
C:\Users\harshilkansagara\source\repos\SportsApplication\SportApplication\Final_SportApplication\SportAngular\dist\out-tsc\src\app\service\athleteData.service.js
C:\Users\harshilkansagara\source\repos\SportsApplication\SportApplication\Final_SportApplication\SportAngular\dist\out-tsc\src\app\service\athleteData.service.js.map
C:\Users\harshilkansagara\source\repos\SportsApplication\SportApplication\Final_SportApplication\SportAngular\dist\out-tsc\src\app\Athlete\Model\AthleteDetail.js
C:\Users\harshilkansagara\source\repos\SportsApplication\SportApplication\Final_SportApplication\SportAngular\dist\out-tsc\src\app\Athlete\Model\AthleteDetail.js.map
C:\Users\harshilkansagara\source\repos\SportsApplication\SportApplication\Final_SportApplication\SportAngular\dist\out-tsc\src\app\Athlete\index-athlete.component.js
C:\Users\harshilkansagara\source\repos\SportsApplication\SportApplication\Final_SportApplication\SportAngular\dist\out-tsc\src\app\Athlete\index-athlete.component.js.map
C:\Users\harshilkansagara\source\repos\SportsApplication\SportApplication\Final_SportApplication\SportAngular\dist\out-tsc\src\app\app-routing.module.js
C:\Users\harshilkansagara\source\repos\SportsApplication\SportApplication\Final_SportApplication\SportAngular\dist\out-tsc\src\app\app-routing.module.js.map
C:\Users\harshilkansagara\source\repos\SportsApplication\SportApplication\Final_SportApplication\SportAngular\dist\out-tsc\src\app\app.component.js
C:\Users\harshilkansagara\source\repos\SportsApplication\SportApplication\Final_SportApplication\SportAngular\dist\out-tsc\src\app\app.component.js.map
C:\Users\harshilkansagara\source\repos\SportsApplication\SportApplication\Final_SportApplication\SportAngular\dist\out-tsc\src\app\Shared\confirm-equal-validator.directive.js
C:\Users\harshilkansagara\source\repos\SportsApplication\SportApplication\Final_SportApplication\SportAngular\dist\out-tsc\src\app\Shared\confirm-equal-validator.directive.js.map
C:\Users\harshilkansagara\source\repos\SportsApplication\SportApplication\Final_SportApplication\SportAngular\dist\out-tsc\src\app\Auth\auth.interceptor.js
C:\Users\harshilkansagara\source\repos\SportsApplication\SportApplication\Final_SportApplication\SportAngular\dist\out-tsc\src\app\Auth\auth.interceptor.js.map
C:\Users\harshilkansagara\source\repos\SportsApplication\SportApplication\Final_SportApplication\SportAngular\dist\out-tsc\src\app\app.module.js
C:\Users\harshilkansagara\source\repos\SportsApplication\SportApplication\Final_SportApplication\SportAngular\dist\out-tsc\src\app\app.module.js.map
C:\Users\harshilkansagara\source\repos\SportsApplication\SportApplication\Final_SportApplication\SportAngular\dist\out-tsc\src\environments\environment.js
C:\Users\harshilkansagara\source\repos\SportsApplication\SportApplication\Final_SportApplication\SportAngular\dist\out-tsc\src\environments\environment.js.map
C:\Users\harshilkansagara\source\repos\SportsApplication\SportApplication\Final_SportApplication\SportAngular\dist\out-tsc\src\main.js
C:\Users\harshilkansagara\source\repos\SportsApplication\SportApplication\Final_SportApplication\SportAngular\dist\out-tsc\src\main.js.map
C:\Users\harshilkansagara\source\repos\SportsApplication\SportApplication\Final_SportApplication\SportAngular\dist\out-tsc\src\polyfills.js
C:\Users\harshilkansagara\source\repos\SportsApplication\SportApplication\Final_SportApplication\SportAngular\dist\out-tsc\src\polyfills.js.map
C:\Users\harshilkansagara\source\repos\SportsApplication\SportApplication\Final_SportApplication\SportAngular\dist\out-tsc\src\test.js
C:\Users\harshilkansagara\source\repos\SportsApplication\SportApplication\Final_SportApplication\SportAngular\dist\out-tsc\src\test.js.map
C:\Users\harshilkansagara\source\repos\SportsApplication\SportApplication\Final_SportApplication\SportAngular\dist\out-tsc\src\app\app.component.spec.js
C:\Users\harshilkansagara\source\repos\SportsApplication\SportApplication\Final_SportApplication\SportAngular\dist\out-tsc\src\app\app.component.spec.js.map
C:\Users\harshilkansagara\source\repos\SportsApplication\SportApplication\Final_SportApplication\SportAngular\dist\out-tsc\src\app\AllAthletes\Model\Athletes.js
C:\Users\harshilkansagara\source\repos\SportsApplication\SportApplication\Final_SportApplication\SportAngular\dist\out-tsc\src\app\AllAthletes\Model\Athletes.js.map
C:\Users\harshilkansagara\source\repos\SportsApplication\SportApplication\Final_SportApplication\SportAngular\dist\out-tsc\src\app\service\allAthletes.service.js
C:\Users\harshilkansagara\source\repos\SportsApplication\SportApplication\Final_SportApplication\SportAngular\dist\out-tsc\src\app\service\allAthletes.service.js.map
C:\Users\harshilkansagara\source\repos\SportsApplication\SportApplication\Final_SportApplication\SportAngular\dist\out-tsc\src\app\AllAthletes\index\index-allAthletes.component.js
C:\Users\harshilkansagara\source\repos\SportsApplication\SportApplication\Final_SportApplication\SportAngular\dist\out-tsc\src\app\AllAthletes\index\index-allAthletes.component.js.map
C:\Users\harshilkansagara\source\repos\SportsApplication\SportApplication\Final_SportApplication\SportAngular\dist\out-tsc\src\app\AllAthletes\allAthletes.module.js
C:\Users\harshilkansagara\source\repos\SportsApplication\SportApplication\Final_SportApplication\SportAngular\dist\out-tsc\src\app\AllAthletes\allAthletes.module.js.map
C:\Users\harshilkansagara\source\repos\SportsApplication\SportApplication\Final_SportApplication\SportAngular\dist\out-tsc\src\app\AthleteByTest\Model\AthleteData.js
C:\Users\harshilkansagara\source\repos\SportsApplication\SportApplication\Final_SportApplication\SportAngular\dist\out-tsc\src\app\AthleteByTest\Model\AthleteData.js.map
C:\Users\harshilkansagara\source\repos\SportsApplication\SportApplication\Final_SportApplication\SportAngular\dist\out-tsc\src\app\service\athleteByTest.service.js
C:\Users\harshilkansagara\source\repos\SportsApplication\SportApplication\Final_SportApplication\SportAngular\dist\out-tsc\src\app\service\athleteByTest.service.js.map
C:\Users\harshilkansagara\source\repos\SportsApplication\SportApplication\Final_SportApplication\SportAngular\dist\out-tsc\src\app\AthleteByTest\Model\TestDetail.js
C:\Users\harshilkansagara\source\repos\SportsApplication\SportApplication\Final_SportApplication\SportAngular\dist\out-tsc\src\app\AthleteByTest\Model\TestDetail.js.map
C:\Users\harshilkansagara\source\repos\SportsApplication\SportApplication\Final_SportApplication\SportAngular\dist\out-tsc\src\app\Coach\TestList\Model\TestList.js
C:\Users\harshilkansagara\source\repos\SportsApplication\SportApplication\Final_SportApplication\SportAngular\dist\out-tsc\src\app\Coach\TestList\Model\TestList.js.map
C:\Users\harshilkansagara\source\repos\SportsApplication\SportApplication\Final_SportApplication\SportAngular\dist\out-tsc\src\app\service\testList.service.js
C:\Users\harshilkansagara\source\repos\SportsApplication\SportApplication\Final_SportApplication\SportAngular\dist\out-tsc\src\app\service\testList.service.js.map
C:\Users\harshilkansagara\source\repos\SportsApplication\SportApplication\Final_SportApplication\SportAngular\dist\out-tsc\src\app\AthleteByTest\index\index-athleteByTest.component.js
C:\Users\harshilkansagara\source\repos\SportsApplication\SportApplication\Final_SportApplication\SportAngular\dist\out-tsc\src\app\AthleteByTest\index\index-athleteByTest.component.js.map
C:\Users\harshilkansagara\source\repos\SportsApplication\SportApplication\Final_SportApplication\SportAngular\dist\out-tsc\src\app\AthleteByTest\create\create-athleteByTest.component.js
C:\Users\harshilkansagara\source\repos\SportsApplication\SportApplication\Final_SportApplication\SportAngular\dist\out-tsc\src\app\AthleteByTest\create\create-athleteByTest.component.js.map
C:\Users\harshilkansagara\source\repos\SportsApplication\SportApplication\Final_SportApplication\SportAngular\dist\out-tsc\src\app\AthleteByTest\edit\edit-athleteByTest.component.js
C:\Users\harshilkansagara\source\repos\SportsApplication\SportApplication\Final_SportApplication\SportAngular\dist\out-tsc\src\app\AthleteByTest\edit\edit-athleteByTest.component.js.map
C:\Users\harshilkansagara\source\repos\SportsApplication\SportApplication\Final_SportApplication\SportAngular\dist\out-tsc\src\app\AthleteByTest\athleteByTest.module.js
C:\Users\harshilkansagara\source\repos\SportsApplication\SportApplication\Final_SportApplication\SportAngular\dist\out-tsc\src\app\AthleteByTest\athleteByTest.module.js.map
C:\Users\harshilkansagara\source\repos\SportsApplication\SportApplication\Final_SportApplication\SportAngular\dist\out-tsc\src\app\Coach\TestList\index\index-testList.component.js
C:\Users\harshilkansagara\source\repos\SportsApplication\SportApplication\Final_SportApplication\SportAngular\dist\out-tsc\src\app\Coach\TestList\index\index-testList.component.js.map
C:\Users\harshilkansagara\source\repos\SportsApplication\SportApplication\Final_SportApplication\SportAngular\dist\out-tsc\src\app\Coach\TestList\create\format-datepicker.js
C:\Users\harshilkansagara\source\repos\SportsApplication\SportApplication\Final_SportApplication\SportAngular\dist\out-tsc\src\app\Coach\TestList\create\format-datepicker.js.map
C:\Users\harshilkansagara\source\repos\SportsApplication\SportApplication\Final_SportApplication\SportAngular\dist\out-tsc\src\app\Coach\TestList\create\create-testList.component.js
C:\Users\harshilkansagara\source\repos\SportsApplication\SportApplication\Final_SportApplication\SportAngular\dist\out-tsc\src\app\Coach\TestList\create\create-testList.component.js.map
C:\Users\harshilkansagara\source\repos\SportsApplication\SportApplication\Final_SportApplication\SportAngular\dist\out-tsc\src\app\Coach\coach.module.js
C:\Users\harshilkansagara\source\repos\SportsApplication\SportApplication\Final_SportApplication\SportAngular\dist\out-tsc\src\app\Coach\coach.module.js.map
C:\Users\harshilkansagara\source\repos\SportsApplication\SportApplication\Final_SportApplication\SportAngular\dist\out-tsc\src\environments\environment.prod.js
C:\Users\harshilkansagara\source\repos\SportsApplication\SportApplication\Final_SportApplication\SportAngular\dist\out-tsc\src\environments\environment.prod.js.map
